[debug] [2024-04-14T18:31:20.277Z] ----------------------------------------------------------------------
[debug] [2024-04-14T18:31:20.280Z] Command:       /usr/local/bin/node /Users/harshx/.npm-global/bin/firebase init
[debug] [2024-04-14T18:31:20.280Z] CLI Version:   13.7.2
[debug] [2024-04-14T18:31:20.280Z] Platform:      darwin
[debug] [2024-04-14T18:31:20.280Z] Node Version:  v20.9.0
[debug] [2024-04-14T18:31:20.281Z] Time:          Mon Apr 15 2024 00:01:20 GMT+0530 (India Standard Time)
[debug] [2024-04-14T18:31:20.281Z] ----------------------------------------------------------------------
[debug] 
[debug] [2024-04-14T18:31:20.284Z] > command requires scopes: ["email","openid","https://www.googleapis.com/auth/cloudplatformprojects.readonly","https://www.googleapis.com/auth/firebase","https://www.googleapis.com/auth/cloud-platform"]
[debug] [2024-04-14T18:31:20.284Z] > authorizing via signed-in user (gautamharsh821@gmail.com)
[info] 
     ######## #### ########  ######## ########     ###     ######  ########
     ##        ##  ##     ## ##       ##     ##  ##   ##  ##       ##
     ######    ##  ########  ######   ########  #########  ######  ######
     ##        ##  ##    ##  ##       ##     ## ##     ##       ## ##
     ##       #### ##     ## ######## ########  ##     ##  ######  ########

You're about to initialize a Firebase project in this directory:

  /Users/harshx/Developer/react-code-editor-app-main

[info] 
=== Project Setup
[info] 
[info] First, let's associate this project directory with a Firebase project.
[info] You can create multiple project aliases by running firebase use --add, 
[info] but for now we'll just set up a default project.
[info] 
[info] i  If you want to create a project in a Google Cloud organization or folder, please use "firebase projects:create" instead, and return to this command when you've created the project. 
[debug] [2024-04-14T18:34:49.314Z] > refreshing access token with scopes: []
[debug] [2024-04-14T18:34:49.317Z] >>> [apiv2][query] POST https://www.googleapis.com/oauth2/v3/token [none]
[debug] [2024-04-14T18:34:49.317Z] >>> [apiv2][body] POST https://www.googleapis.com/oauth2/v3/token [omitted]
[debug] [2024-04-14T18:34:49.618Z] <<< [apiv2][status] POST https://www.googleapis.com/oauth2/v3/token 200
[debug] [2024-04-14T18:34:49.618Z] <<< [apiv2][body] POST https://www.googleapis.com/oauth2/v3/token [omitted]
[debug] [2024-04-14T18:34:49.634Z] >>> [apiv2][query] POST https://cloudresourcemanager.googleapis.com/v1/projects [none]
[debug] [2024-04-14T18:34:49.634Z] >>> [apiv2][body] POST https://cloudresourcemanager.googleapis.com/v1/projects {"projectId":"codebyte","name":"codebyte"}
[debug] [2024-04-14T18:34:51.270Z] <<< [apiv2][status] POST https://cloudresourcemanager.googleapis.com/v1/projects 409
[debug] [2024-04-14T18:34:51.270Z] <<< [apiv2][body] POST https://cloudresourcemanager.googleapis.com/v1/projects {"error":{"code":409,"message":"Requested entity already exists","status":"ALREADY_EXISTS"}}
[debug] [2024-04-14T18:34:51.483Z] FirebaseError: HTTP Error: 409, Requested entity already exists
    at responseToError (/Users/harshx/.npm-global/lib/node_modules/firebase-tools/lib/responseToError.js:49:12)
    at RetryOperation._fn (/Users/harshx/.npm-global/lib/node_modules/firebase-tools/lib/apiv2.js:299:77)
    at process.processTicksAndRejections (node:internal/process/task_queues:95:5)
[error] 
[error] Error: Failed to create project because there is already a project with ID codebyte. Please try again with a unique project ID.
[debug] [2024-04-14T18:37:02.158Z] ----------------------------------------------------------------------
[debug] [2024-04-14T18:37:02.164Z] Command:       /usr/local/bin/node /Users/harshx/.npm-global/bin/firebase init
[debug] [2024-04-14T18:37:02.165Z] CLI Version:   13.7.2
[debug] [2024-04-14T18:37:02.165Z] Platform:      darwin
[debug] [2024-04-14T18:37:02.165Z] Node Version:  v20.9.0
[debug] [2024-04-14T18:37:02.165Z] Time:          Mon Apr 15 2024 00:07:02 GMT+0530 (India Standard Time)
[debug] [2024-04-14T18:37:02.165Z] ----------------------------------------------------------------------
[debug] 
[debug] [2024-04-14T18:37:02.168Z] > command requires scopes: ["email","openid","https://www.googleapis.com/auth/cloudplatformprojects.readonly","https://www.googleapis.com/auth/firebase","https://www.googleapis.com/auth/cloud-platform"]
[debug] [2024-04-14T18:37:02.169Z] > authorizing via signed-in user (gautamharsh821@gmail.com)
[info] 
     ######## #### ########  ######## ########     ###     ######  ########
     ##        ##  ##     ## ##       ##     ##  ##   ##  ##       ##
     ######    ##  ########  ######   ########  #########  ######  ######
     ##        ##  ##    ##  ##       ##     ## ##     ##       ## ##
     ##       #### ##     ## ######## ########  ##     ##  ######  ########

You're about to initialize a Firebase project in this directory:

  /Users/harshx/Developer/react-code-editor-app-main

[info] 
=== Project Setup
[info] 
[info] First, let's associate this project directory with a Firebase project.
[info] You can create multiple project aliases by running firebase use --add, 
[info] but for now we'll just set up a default project.
[info] 
[debug] [2024-04-14T18:37:10.150Z] >>> [apiv2][query] GET https://firebase.googleapis.com/v1beta1/projects pageSize=100
[debug] [2024-04-14T18:37:10.907Z] <<< [apiv2][status] GET https://firebase.googleapis.com/v1beta1/projects 200
[debug] [2024-04-14T18:37:10.908Z] <<< [apiv2][body] GET https://firebase.googleapis.com/v1beta1/projects [omitted]
[debug] [2024-04-14T18:37:39.379Z] ----------------------------------------------------------------------
[debug] [2024-04-14T18:37:39.382Z] Command:       /usr/local/bin/node /Users/harshx/.npm-global/bin/firebase init
[debug] [2024-04-14T18:37:39.382Z] CLI Version:   13.7.2
[debug] [2024-04-14T18:37:39.382Z] Platform:      darwin
[debug] [2024-04-14T18:37:39.382Z] Node Version:  v20.9.0
[debug] [2024-04-14T18:37:39.382Z] Time:          Mon Apr 15 2024 00:07:39 GMT+0530 (India Standard Time)
[debug] [2024-04-14T18:37:39.383Z] ----------------------------------------------------------------------
[debug] 
[debug] [2024-04-14T18:37:39.386Z] > command requires scopes: ["email","openid","https://www.googleapis.com/auth/cloudplatformprojects.readonly","https://www.googleapis.com/auth/firebase","https://www.googleapis.com/auth/cloud-platform"]
[debug] [2024-04-14T18:37:39.386Z] > authorizing via signed-in user (gautamharsh821@gmail.com)
[info] 
     ######## #### ########  ######## ########     ###     ######  ########
     ##        ##  ##     ## ##       ##     ##  ##   ##  ##       ##
     ######    ##  ########  ######   ########  #########  ######  ######
     ##        ##  ##    ##  ##       ##     ## ##     ##       ## ##
     ##       #### ##     ## ######## ########  ##     ##  ######  ########

You're about to initialize a Firebase project in this directory:

  /Users/harshx/Developer/react-code-editor-app-main

[info] 
=== Project Setup
[info] 
[info] First, let's associate this project directory with a Firebase project.
[info] You can create multiple project aliases by running firebase use --add, 
[info] but for now we'll just set up a default project.
[info] 
[debug] [2024-04-14T18:37:46.003Z] >>> [apiv2][query] GET https://firebase.googleapis.com/v1beta1/projects pageSize=100
[debug] [2024-04-14T18:37:47.006Z] <<< [apiv2][status] GET https://firebase.googleapis.com/v1beta1/projects 200
[debug] [2024-04-14T18:37:47.007Z] <<< [apiv2][body] GET https://firebase.googleapis.com/v1beta1/projects [omitted]
[info] i  Using project codebytecompiler (codebytecompiler) 
[info] 
=== Hosting Setup
[debug] [2024-04-14T18:37:49.206Z] >>> [apiv2][query] GET https://firebase.googleapis.com/v1beta1/projects/codebytecompiler [none]
[debug] [2024-04-14T18:37:49.595Z] <<< [apiv2][status] GET https://firebase.googleapis.com/v1beta1/projects/codebytecompiler 200
[debug] [2024-04-14T18:37:49.595Z] <<< [apiv2][body] GET https://firebase.googleapis.com/v1beta1/projects/codebytecompiler {"projectId":"codebytecompiler","projectNumber":"736644546730","displayName":"codebytecompiler","name":"projects/codebytecompiler","resources":{"hostingSite":"codebytecompiler"},"state":"ACTIVE","etag":"1_347a7b5e-78b2-4680-892a-b5f24fdf7b16"}
[info] 
[info] Your public directory is the folder (relative to your project directory) that
[info] will contain Hosting assets to be uploaded with firebase deploy. If you
[info] have a build process for your assets, use your build's output directory.
[info] 
[debug] [2024-04-14T18:38:43.979Z] >>> [apiv2][query] GET https://www.gstatic.com/firebasejs/releases.json [none]
[debug] [2024-04-14T18:38:44.186Z] <<< [apiv2][status] GET https://www.gstatic.com/firebasejs/releases.json 200
[debug] [2024-04-14T18:38:44.186Z] <<< [apiv2][body] GET https://www.gstatic.com/firebasejs/releases.json {"current":{"version":"10.11.0","browserURL":"https://www.gstatic.com/firebasejs/10.11.0/firebase.js","packageURL":"https://www.gstatic.com/firebasejs/10.11.0/firebase.tgz"},"live":{"version":"10.11","browserURL":"https://www.gstatic.com/firebasejs/live/10.11/firebase.js","packageURL":"https://www.gstatic.com/firebasejs/live/10.11/firebase.tgz"},"components":{"analytics":"https://www.gstatic.com/firebasejs/10.11.0/firebase-analytics.js","app":"https://www.gstatic.com/firebasejs/10.11.0/firebase-app.js","app-check":"https://www.gstatic.com/firebasejs/10.11.0/firebase-app-check.js","auth":"https://www.gstatic.com/firebasejs/10.11.0/firebase-auth.js","auth/cordova":"https://www.gstatic.com/firebasejs/10.11.0/firebase-auth/cordova.js","auth/web-extension":"https://www.gstatic.com/firebasejs/10.11.0/firebase-auth/web-extension.js","functions":"https://www.gstatic.com/firebasejs/10.11.0/firebase-functions.js","firestore":"https://www.gstatic.com/firebasejs/10.11.0/firebase-firestore.js","firestore/lite":"https://www.gstatic.com/firebasejs/10.11.0/firebase-firestore/lite.js","installations":"https://www.gstatic.com/firebasejs/10.11.0/firebase-installations.js","storage":"https://www.gstatic.com/firebasejs/10.11.0/firebase-storage.js","performance":"https://www.gstatic.com/firebasejs/10.11.0/firebase-performance.js","remote-config":"https://www.gstatic.com/firebasejs/10.11.0/firebase-remote-config.js","messaging":"https://www.gstatic.com/firebasejs/10.11.0/firebase-messaging.js","messaging/sw":"https://www.gstatic.com/firebasejs/10.11.0/firebase-messaging/sw.js","database":"https://www.gstatic.com/firebasejs/10.11.0/firebase-database.js","firestore.memory":"https://www.gstatic.com/firebasejs/10.11.0/firebase-firestore.memory.js"}}
[info] ✔  Wrote build/index.html 
[info] 
[info] i  Didn't detect a .git folder. Assuming /Users/harshx/Developer/react-code-editor-app-main is the project root. 
[info] i  Authorizing with GitHub to upload your service account to a GitHub repository's secrets store. 
[info] 
[info] Visit this URL on this device to log in:
[info] https://github.com/login/oauth/authorize?client_id=89cf50f02ac6aaed3484&state=776632526&redirect_uri=http%3A%2F%2Flocalhost%3A9005&scope=read%3Auser%20repo%20public_repo
[info] 
[info] Waiting for authentication...
[debug] [2024-04-14T18:39:05.800Z] >>> [apiv2][query] POST https://github.com/login/oauth/access_token [none]
[debug] [2024-04-14T18:39:05.800Z] >>> [apiv2][body] POST https://github.com/login/oauth/access_token [stream]
[debug] [2024-04-14T18:39:06.393Z] <<< [apiv2][status] POST https://github.com/login/oauth/access_token 200
[debug] [2024-04-14T18:39:06.393Z] <<< [apiv2][body] POST https://github.com/login/oauth/access_token {"access_token":"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","token_type":"bearer","scope":"read:user,repo"}
[debug] [2024-04-14T18:39:06.402Z] >>> [apiv2][query] GET https://api.github.com/user [none]
[debug] [2024-04-14T18:39:06.797Z] <<< [apiv2][status] GET https://api.github.com/user 200
[debug] [2024-04-14T18:39:06.797Z] <<< [apiv2][body] GET https://api.github.com/user {"login":"realharshgautam","id":93820223,"node_id":"U_kgDOBZeVPw","avatar_url":"https://avatars.githubusercontent.com/u/93820223?v=4","gravatar_id":"","url":"https://api.github.com/users/realharshgautam","html_url":"https://github.com/realharshgautam","followers_url":"https://api.github.com/users/realharshgautam/followers","following_url":"https://api.github.com/users/realharshgautam/following{/other_user}","gists_url":"https://api.github.com/users/realharshgautam/gists{/gist_id}","starred_url":"https://api.github.com/users/realharshgautam/starred{/owner}{/repo}","subscriptions_url":"https://api.github.com/users/realharshgautam/subscriptions","organizations_url":"https://api.github.com/users/realharshgautam/orgs","repos_url":"https://api.github.com/users/realharshgautam/repos","events_url":"https://api.github.com/users/realharshgautam/events{/privacy}","received_events_url":"https://api.github.com/users/realharshgautam/received_events","type":"User","site_admin":false,"name":"Harsh Gautam","company":"Founder @8bit-Warriors ","blog":"https://harshgautam.me","location":"Bhopal","email":null,"hireable":true,"bio":"Founder @8bit-Warriors  | Entrepreneur, Rakhi Wala CEO\r\nWeb Dev| AI/ML | GCP | Python","twitter_username":"realharshgautam","public_repos":15,"public_gists":0,"followers":4,"following":4,"created_at":"2021-11-06T09:46:24Z","updated_at":"2024-04-08T00:11:57Z","private_gists":0,"total_private_repos":3,"owned_private_repos":3,"disk_usage":40201,"collaborators":1,"two_factor_authentication":false,"plan":{"name":"pro","space":976562499,"collaborators":0,"private_repos":9999}}
[info] 
[info] ✔  Success! Logged into GitHub as realharshgautam 
[info] 
